==6351== Memcheck, a memory error detector
==6351== Copyright (C) 2002-2022, and GNU GPL'd, by Julian Seward et al.
==6351== Using Valgrind-3.19.0 and LibVEX; rerun with -h for copyright info
==6351== Command: ./sculptor
==6351== Parent PID: 2169
==6351== 
==6351== Conditional jump or move depends on uninitialised value(s)
==6351==    at 0x4849A16: __memcmp_sse2 (in /usr/libexec/valgrind/vgpreload_memcheck-amd64-linux.so)
==6351==    by 0x10A05F: term_flush (term.c:94)
==6351==    by 0x109BAD: main (main.c:18)
==6351==  Uninitialised value was created by a heap allocation
==6351==    at 0x48407B4: malloc (in /usr/libexec/valgrind/vgpreload_memcheck-amd64-linux.so)
==6351==    by 0x109F34: term_resize (term.c:78)
==6351==    by 0x109E1C: term_new (term.c:62)
==6351==    by 0x109AEE: main (main.c:10)
==6351== 
==6351== Conditional jump or move depends on uninitialised value(s)
==6351==    at 0x4849A0D: __memcmp_sse2 (in /usr/libexec/valgrind/vgpreload_memcheck-amd64-linux.so)
==6351==    by 0x10A05F: term_flush (term.c:94)
==6351==    by 0x109BAD: main (main.c:18)
==6351==  Uninitialised value was created by a heap allocation
==6351==    at 0x48407B4: malloc (in /usr/libexec/valgrind/vgpreload_memcheck-amd64-linux.so)
==6351==    by 0x109F34: term_resize (term.c:78)
==6351==    by 0x109E1C: term_new (term.c:62)
==6351==    by 0x109AEE: main (main.c:10)
==6351== 
==6351== Conditional jump or move depends on uninitialised value(s)
==6351==    at 0x10A062: term_flush (term.c:94)
==6351==    by 0x109BAD: main (main.c:18)
==6351==  Uninitialised value was created by a heap allocation
==6351==    at 0x48407B4: malloc (in /usr/libexec/valgrind/vgpreload_memcheck-amd64-linux.so)
==6351==    by 0x109F34: term_resize (term.c:78)
==6351==    by 0x109E1C: term_new (term.c:62)
==6351==    by 0x109AEE: main (main.c:10)
==6351== 
==6351== 
==6351== HEAP SUMMARY:
==6351==     in use at exit: 0 bytes in 0 blocks
==6351==   total heap usage: 7 allocs, 7 frees, 66,769 bytes allocated
==6351== 
==6351== All heap blocks were freed -- no leaks are possible
==6351== 
==6351== For lists of detected and suppressed errors, rerun with: -s
==6351== ERROR SUMMARY: 75 errors from 3 contexts (suppressed: 0 from 0)
